   1    0.00000E+00    0.81922E-03    0.62916E+00    0.62916E+00
   2    0.16384E-02    0.24629E-02    0.63118E+00    0.63320E+00
   3    0.32874E-02    0.41171E-02    0.63522E+00    0.63725E+00
   4    0.49469E-02    0.57819E-02    0.63928E+00    0.64131E+00
   5    0.66170E-02    0.74573E-02    0.64334E+00    0.64538E+00
   6    0.82976E-02    0.91433E-02    0.64742E+00    0.64946E+00
   7    0.99889E-02    0.10840E-01    0.65151E+00    0.65356E+00
   8    0.11691E-01    0.12547E-01    0.65561E+00    0.65767E+00
   9    0.13404E-01    0.14265E-01    0.65973E+00    0.66179E+00
  10    0.15127E-01    0.15994E-01    0.66385E+00    0.66592E+00
  11    0.16861E-01    0.17734E-01    0.66799E+00    0.67006E+00
  12    0.18606E-01    0.19484E-01    0.67214E+00    0.67421E+00
  13    0.20362E-01    0.21245E-01    0.67629E+00    0.67837E+00
  14    0.22128E-01    0.23017E-01    0.68046E+00    0.68255E+00
  15    0.23906E-01    0.24800E-01    0.68464E+00    0.68673E+00
  16    0.25694E-01    0.26594E-01    0.68882E+00    0.69092E+00
  17    0.27494E-01    0.28399E-01    0.69302E+00    0.69512E+00
  18    0.29304E-01    0.30214E-01    0.69723E+00    0.69933E+00
  19    0.31125E-01    0.32041E-01    0.70144E+00    0.70355E+00
  20    0.32957E-01    0.33879E-01    0.70567E+00    0.70778E+00
  21    0.34800E-01    0.35727E-01    0.70990E+00    0.71202E+00
  22    0.36655E-01    0.37587E-01    0.71414E+00    0.71627E+00
  23    0.38520E-01    0.39458E-01    0.71839E+00    0.72052E+00
  24    0.40396E-01    0.41340E-01    0.72265E+00    0.72478E+00
  25    0.42284E-01    0.43233E-01    0.72692E+00    0.72905E+00
  26    0.44182E-01    0.45137E-01    0.73119E+00    0.73333E+00
  27    0.46092E-01    0.47052E-01    0.73547E+00    0.73761E+00
  28    0.48013E-01    0.48979E-01    0.73976E+00    0.74190E+00
  29    0.49945E-01    0.50916E-01    0.74405E+00    0.74620E+00
  30    0.51888E-01    0.52865E-01    0.74835E+00    0.75050E+00
  31    0.53842E-01    0.54825E-01    0.75266E+00    0.75481E+00
  32    0.55808E-01    0.56797E-01    0.75697E+00    0.75912E+00
  33    0.57785E-01    0.58779E-01    0.76128E+00    0.76344E+00
  34    0.59773E-01    0.60773E-01    0.76561E+00    0.76777E+00
  35    0.61773E-01    0.62778E-01    0.76993E+00    0.77210E+00
  36    0.63783E-01    0.64794E-01    0.77427E+00    0.77643E+00
  37    0.65805E-01    0.66822E-01    0.77860E+00    0.78077E+00
  38    0.67838E-01    0.68861E-01    0.78294E+00    0.78511E+00
  39    0.69883E-01    0.70911E-01    0.78728E+00    0.78946E+00
  40    0.71939E-01    0.72972E-01    0.79163E+00    0.79381E+00
  41    0.74006E-01    0.75045E-01    0.79598E+00    0.79816E+00
  42    0.76085E-01    0.77130E-01    0.80033E+00    0.80251E+00
  43    0.78174E-01    0.79225E-01    0.80469E+00    0.80686E+00
  44    0.80276E-01    0.81332E-01    0.80904E+00    0.81122E+00
  45    0.82388E-01    0.83450E-01    0.81340E+00    0.81558E+00
  46    0.84512E-01    0.85580E-01    0.81776E+00    0.81994E+00
  47    0.86647E-01    0.87721E-01    0.82212E+00    0.82430E+00
  48    0.88794E-01    0.89873E-01    0.82648E+00    0.82866E+00
  49    0.90952E-01    0.92037E-01    0.83084E+00    0.83302E+00
  50    0.93121E-01    0.94212E-01    0.83520E+00    0.83738E+00
  51    0.95302E-01    0.96398E-01    0.83956E+00    0.84174E+00
  52    0.97494E-01    0.98596E-01    0.84392E+00    0.84610E+00
  53    0.99697E-01    0.10080E+00    0.84828E+00    0.85046E+00
  54    0.10191E+00    0.10303E+00    0.85264E+00    0.85481E+00
  55    0.10414E+00    0.10526E+00    0.85699E+00    0.85917E+00
  56    0.10638E+00    0.10750E+00    0.86134E+00    0.86352E+00
  57    0.10862E+00    0.10975E+00    0.86569E+00    0.86787E+00
  58    0.11088E+00    0.11202E+00    0.87004E+00    0.87221E+00
  59    0.11316E+00    0.11430E+00    0.87438E+00    0.87655E+00
  60    0.11544E+00    0.11659E+00    0.87872E+00    0.88089E+00
  61    0.11773E+00    0.11889E+00    0.88305E+00    0.88522E+00
  62    0.12004E+00    0.12120E+00    0.88738E+00    0.88954E+00
  63    0.12235E+00    0.12352E+00    0.89170E+00    0.89386E+00
  64    0.12468E+00    0.12585E+00    0.89602E+00    0.89818E+00
  65    0.12702E+00    0.12820E+00    0.90033E+00    0.90249E+00
  66    0.12937E+00    0.13055E+00    0.90464E+00    0.90679E+00
  67    0.13173E+00    0.13292E+00    0.90894E+00    0.91109E+00
  68    0.13411E+00    0.13530E+00    0.91323E+00    0.91537E+00
  69    0.13649E+00    0.13769E+00    0.91751E+00    0.91965E+00
  70    0.13888E+00    0.14009E+00    0.92179E+00    0.92392E+00
  71    0.14129E+00    0.14250E+00    0.92606E+00    0.92819E+00
  72    0.14371E+00    0.14492E+00    0.93031E+00    0.93244E+00
  73    0.14614E+00    0.14736E+00    0.93456E+00    0.93668E+00
  74    0.14857E+00    0.14980E+00    0.93880E+00    0.94092E+00
  75    0.15103E+00    0.15226E+00    0.94303E+00    0.94514E+00
  76    0.15349E+00    0.15472E+00    0.94725E+00    0.94935E+00
  77    0.15596E+00    0.15720E+00    0.95145E+00    0.95355E+00
  78    0.15844E+00    0.15969E+00    0.95565E+00    0.95774E+00
  79    0.16094E+00    0.16219E+00    0.95983E+00    0.96192E+00
  80    0.16344E+00    0.16470E+00    0.96400E+00    0.96608E+00
  81    0.16596E+00    0.16722E+00    0.96815E+00    0.97023E+00
  82    0.16848E+00    0.16975E+00    0.97230E+00    0.97436E+00
  83    0.17102E+00    0.17229E+00    0.97643E+00    0.97849E+00
  84    0.17357E+00    0.17485E+00    0.98054E+00    0.98259E+00
  85    0.17613E+00    0.17741E+00    0.98464E+00    0.98669E+00
  86    0.17870E+00    0.17999E+00    0.98872E+00    0.99076E+00
  87    0.18128E+00    0.18257E+00    0.99279E+00    0.99482E+00
  88    0.18387E+00    0.18517E+00    0.99684E+00    0.99887E+00
  89    0.18647E+00    0.18778E+00    0.10009E+01    0.10029E+01
  90    0.18908E+00    0.19039E+00    0.10049E+01    0.10069E+01
  91    0.19170E+00    0.19302E+00    0.10089E+01    0.10109E+01
  92    0.19434E+00    0.19566E+00    0.10129E+01    0.10149E+01
  93    0.19698E+00    0.19831E+00    0.10168E+01    0.10188E+01
  94    0.19963E+00    0.20096E+00    0.10208E+01    0.10228E+01
  95    0.20230E+00    0.20363E+00    0.10247E+01    0.10267E+01
  96    0.20497E+00    0.20631E+00    0.10286E+01    0.10306E+01
  97    0.20765E+00    0.20900E+00    0.10325E+01    0.10344E+01
  98    0.21035E+00    0.21170E+00    0.10364E+01    0.10383E+01
  99    0.21305E+00    0.21441E+00    0.10402E+01    0.10421E+01
 100    0.21576E+00    0.21713E+00    0.10440E+01    0.10459E+01
 101    0.21849E+00    0.21985E+00    0.10478E+01    0.10497E+01
 102    0.22122E+00    0.22259E+00    0.10516E+01    0.10535E+01
 103    0.22396E+00    0.22534E+00    0.10553E+01    0.10572E+01
 104    0.22672E+00    0.22810E+00    0.10591E+01    0.10609E+01
 105    0.22948E+00    0.23087E+00    0.10628E+01    0.10646E+01
 106    0.23225E+00    0.23364E+00    0.10664E+01    0.10683E+01
 107    0.23504E+00    0.23643E+00    0.10701E+01    0.10719E+01
 108    0.23783E+00    0.23923E+00    0.10737E+01    0.10755E+01
 109    0.24063E+00    0.24203E+00    0.10773E+01    0.10791E+01
 110    0.24344E+00    0.24485E+00    0.10809E+01    0.10827E+01
 111    0.24626E+00    0.24767E+00    0.10844E+01    0.10862E+01
 112    0.24909E+00    0.25050E+00    0.10880E+01    0.10897E+01
 113    0.25192E+00    0.25335E+00    0.10914E+01    0.10932E+01
 114    0.25477E+00    0.25620E+00    0.10949E+01    0.10966E+01
 115    0.25763E+00    0.25906E+00    0.10983E+01    0.11000E+01
 116    0.26049E+00    0.26193E+00    0.11017E+01    0.11034E+01
 117    0.26336E+00    0.26481E+00    0.11051E+01    0.11068E+01
 118    0.26625E+00    0.26769E+00    0.11084E+01    0.11101E+01
 119    0.26914E+00    0.27059E+00    0.11118E+01    0.11134E+01
 120    0.27204E+00    0.27349E+00    0.11150E+01    0.11167E+01
 121    0.27494E+00    0.27640E+00    0.11183E+01    0.11199E+01
 122    0.27786E+00    0.27932E+00    0.11215E+01    0.11231E+01
 123    0.28079E+00    0.28225E+00    0.11247E+01    0.11262E+01
 124    0.28372E+00    0.28519E+00    0.11278E+01    0.11294E+01
 125    0.28666E+00    0.28813E+00    0.11309E+01    0.11325E+01
 126    0.28961E+00    0.29109E+00    0.11340E+01    0.11355E+01
 127    0.29257E+00    0.29405E+00    0.11371E+01    0.11386E+01
 128    0.29553E+00    0.29702E+00    0.11401E+01    0.11416E+01
 129    0.29850E+00    0.29999E+00    0.11430E+01    0.11445E+01
 130    0.30148E+00    0.30298E+00    0.11460E+01    0.11474E+01
 131    0.30447E+00    0.30597E+00    0.11489E+01    0.11503E+01
 132    0.30747E+00    0.30897E+00    0.11517E+01    0.11532E+01
 133    0.31047E+00    0.31198E+00    0.11546E+01    0.11560E+01
 134    0.31348E+00    0.31499E+00    0.11573E+01    0.11587E+01
 135    0.31650E+00    0.31801E+00    0.11601E+01    0.11615E+01
 136    0.31952E+00    0.32104E+00    0.11628E+01    0.11642E+01
 137    0.32256E+00    0.32407E+00    0.11655E+01    0.11668E+01
 138    0.32559E+00    0.32712E+00    0.11681E+01    0.11694E+01
 139    0.32864E+00    0.33017E+00    0.11707E+01    0.11720E+01
 140    0.33169E+00    0.33322E+00    0.11733E+01    0.11745E+01
 141    0.33475E+00    0.33628E+00    0.11758E+01    0.11770E+01
 142    0.33782E+00    0.33935E+00    0.11783E+01    0.11795E+01
 143    0.34089E+00    0.34243E+00    0.11807E+01    0.11819E+01
 144    0.34396E+00    0.34551E+00    0.11831E+01    0.11843E+01
 145    0.34705E+00    0.34859E+00    0.11854E+01    0.11866E+01
 146    0.35014E+00    0.35169E+00    0.11877E+01    0.11889E+01
 147    0.35323E+00    0.35479E+00    0.11900E+01    0.11911E+01
 148    0.35634E+00    0.35789E+00    0.11922E+01    0.11933E+01
 149    0.35944E+00    0.36100E+00    0.11944E+01    0.11955E+01
 150    0.36256E+00    0.36412E+00    0.11965E+01    0.11976E+01
 151    0.36568E+00    0.36724E+00    0.11986E+01    0.11996E+01
 152    0.36880E+00    0.37036E+00    0.12006E+01    0.12017E+01
 153    0.37193E+00    0.37350E+00    0.12026E+01    0.12036E+01
 154    0.37506E+00    0.37663E+00    0.12046E+01    0.12056E+01
 155    0.37820E+00    0.37978E+00    0.12065E+01    0.12075E+01
 156    0.38135E+00    0.38292E+00    0.12084E+01    0.12093E+01
 157    0.38450E+00    0.38607E+00    0.12102E+01    0.12111E+01
 158    0.38765E+00    0.38923E+00    0.12120E+01    0.12128E+01
 159    0.39081E+00    0.39239E+00    0.12137E+01    0.12145E+01
 160    0.39397E+00    0.39556E+00    0.12154E+01    0.12162E+01
 161    0.39714E+00    0.39873E+00    0.12170E+01    0.12178E+01
 162    0.40031E+00    0.40190E+00    0.12186E+01    0.12194E+01
 163    0.40349E+00    0.40508E+00    0.12201E+01    0.12209E+01
 164    0.40667E+00    0.40826E+00    0.12216E+01    0.12223E+01
 165    0.40985E+00    0.41144E+00    0.12230E+01    0.12237E+01
 166    0.41304E+00    0.41463E+00    0.12244E+01    0.12251E+01
 167    0.41623E+00    0.41782E+00    0.12258E+01    0.12264E+01
 168    0.41942E+00    0.42102E+00    0.12271E+01    0.12277E+01
 169    0.42262E+00    0.42422E+00    0.12283E+01    0.12289E+01
 170    0.42582E+00    0.42742E+00    0.12295E+01    0.12301E+01
 171    0.42902E+00    0.43062E+00    0.12306E+01    0.12312E+01
 172    0.43223E+00    0.43383E+00    0.12317E+01    0.12323E+01
 173    0.43544E+00    0.43704E+00    0.12328E+01    0.12333E+01
 174    0.43865E+00    0.44025E+00    0.12338E+01    0.12343E+01
 175    0.44186E+00    0.44347E+00    0.12347E+01    0.12352E+01
 176    0.44508E+00    0.44669E+00    0.12356E+01    0.12361E+01
 177    0.44830E+00    0.44991E+00    0.12365E+01    0.12369E+01
 178    0.45152E+00    0.45313E+00    0.12373E+01    0.12377E+01
 179    0.45474E+00    0.45635E+00    0.12380E+01    0.12384E+01
 180    0.45797E+00    0.45958E+00    0.12387E+01    0.12390E+01
 181    0.46119E+00    0.46281E+00    0.12393E+01    0.12397E+01
 182    0.46442E+00    0.46604E+00    0.12399E+01    0.12402E+01
 183    0.46765E+00    0.46927E+00    0.12405E+01    0.12407E+01
 184    0.47088E+00    0.47250E+00    0.12410E+01    0.12412E+01
 185    0.47411E+00    0.47573E+00    0.12414E+01    0.12416E+01
 186    0.47735E+00    0.47896E+00    0.12418E+01    0.12420E+01
 187    0.48058E+00    0.48220E+00    0.12421E+01    0.12423E+01
 188    0.48382E+00    0.48543E+00    0.12424E+01    0.12425E+01
 189    0.48705E+00    0.48867E+00    0.12426E+01    0.12427E+01
 190    0.49029E+00    0.49191E+00    0.12428E+01    0.12429E+01
 191    0.49353E+00    0.49514E+00    0.12430E+01    0.12430E+01
 192    0.49676E+00    0.49838E+00    0.12430E+01    0.12431E+01
 193    0.50000E+00    0.50162E+00    0.12431E+01    0.12431E+01
 194    0.50324E+00    0.50486E+00    0.12430E+01    0.12430E+01
 195    0.50647E+00    0.50809E+00    0.12430E+01    0.12429E+01
 196    0.50971E+00    0.51133E+00    0.12428E+01    0.12427E+01
 197    0.51295E+00    0.51457E+00    0.12426E+01    0.12425E+01
 198    0.51618E+00    0.51780E+00    0.12424E+01    0.12423E+01
 199    0.51942E+00    0.52104E+00    0.12421E+01    0.12420E+01
 200    0.52265E+00    0.52427E+00    0.12418E+01    0.12416E+01
 201    0.52589E+00    0.52750E+00    0.12414E+01    0.12412E+01
 202    0.52912E+00    0.53073E+00    0.12410E+01    0.12407E+01
 203    0.53235E+00    0.53396E+00    0.12405E+01    0.12402E+01
 204    0.53558E+00    0.53719E+00    0.12399E+01    0.12397E+01
 205    0.53881E+00    0.54042E+00    0.12393E+01    0.12390E+01
 206    0.54203E+00    0.54365E+00    0.12387E+01    0.12384E+01
 207    0.54526E+00    0.54687E+00    0.12380E+01    0.12377E+01
 208    0.54848E+00    0.55009E+00    0.12373E+01    0.12369E+01
 209    0.55170E+00    0.55331E+00    0.12365E+01    0.12361E+01
 210    0.55492E+00    0.55653E+00    0.12356E+01    0.12352E+01
 211    0.55814E+00    0.55975E+00    0.12347E+01    0.12343E+01
 212    0.56135E+00    0.56296E+00    0.12338E+01    0.12333E+01
 213    0.56456E+00    0.56617E+00    0.12328E+01    0.12323E+01
 214    0.56777E+00    0.56938E+00    0.12317E+01    0.12312E+01
 215    0.57098E+00    0.57258E+00    0.12306E+01    0.12301E+01
 216    0.57418E+00    0.57578E+00    0.12295E+01    0.12289E+01
 217    0.57738E+00    0.57898E+00    0.12283E+01    0.12277E+01
 218    0.58058E+00    0.58218E+00    0.12271E+01    0.12264E+01
 219    0.58377E+00    0.58537E+00    0.12258E+01    0.12251E+01
 220    0.58696E+00    0.58856E+00    0.12244E+01    0.12237E+01
 221    0.59015E+00    0.59174E+00    0.12230E+01    0.12223E+01
 222    0.59333E+00    0.59492E+00    0.12216E+01    0.12209E+01
 223    0.59651E+00    0.59810E+00    0.12201E+01    0.12194E+01
 224    0.59969E+00    0.60127E+00    0.12186E+01    0.12178E+01
 225    0.60286E+00    0.60444E+00    0.12170E+01    0.12162E+01
 226    0.60603E+00    0.60761E+00    0.12154E+01    0.12145E+01
 227    0.60919E+00    0.61077E+00    0.12137E+01    0.12128E+01
 228    0.61235E+00    0.61393E+00    0.12120E+01    0.12111E+01
 229    0.61550E+00    0.61708E+00    0.12102E+01    0.12093E+01
 230    0.61865E+00    0.62022E+00    0.12084E+01    0.12075E+01
 231    0.62180E+00    0.62337E+00    0.12065E+01    0.12056E+01
 232    0.62494E+00    0.62650E+00    0.12046E+01    0.12036E+01
 233    0.62807E+00    0.62964E+00    0.12026E+01    0.12017E+01
 234    0.63120E+00    0.63276E+00    0.12006E+01    0.11996E+01
 235    0.63432E+00    0.63588E+00    0.11986E+01    0.11976E+01
 236    0.63744E+00    0.63900E+00    0.11965E+01    0.11955E+01
 237    0.64056E+00    0.64211E+00    0.11944E+01    0.11933E+01
 238    0.64366E+00    0.64521E+00    0.11922E+01    0.11911E+01
 239    0.64677E+00    0.64831E+00    0.11900E+01    0.11889E+01
 240    0.64986E+00    0.65141E+00    0.11877E+01    0.11866E+01
 241    0.65295E+00    0.65449E+00    0.11854E+01    0.11843E+01
 242    0.65604E+00    0.65757E+00    0.11831E+01    0.11819E+01
 243    0.65911E+00    0.66065E+00    0.11807E+01    0.11795E+01
 244    0.66218E+00    0.66372E+00    0.11783E+01    0.11770E+01
 245    0.66525E+00    0.66678E+00    0.11758E+01    0.11745E+01
 246    0.66831E+00    0.66983E+00    0.11733E+01    0.11720E+01
 247    0.67136E+00    0.67288E+00    0.11707E+01    0.11694E+01
 248    0.67441E+00    0.67593E+00    0.11681E+01    0.11668E+01
 249    0.67744E+00    0.67896E+00    0.11655E+01    0.11642E+01
 250    0.68048E+00    0.68199E+00    0.11628E+01    0.11615E+01
 251    0.68350E+00    0.68501E+00    0.11601E+01    0.11587E+01
 252    0.68652E+00    0.68802E+00    0.11573E+01    0.11560E+01
 253    0.68953E+00    0.69103E+00    0.11546E+01    0.11532E+01
 254    0.69253E+00    0.69403E+00    0.11517E+01    0.11503E+01
 255    0.69553E+00    0.69702E+00    0.11489E+01    0.11474E+01
 256    0.69852E+00    0.70001E+00    0.11460E+01    0.11445E+01
 257    0.70150E+00    0.70298E+00    0.11430E+01    0.11416E+01
 258    0.70447E+00    0.70595E+00    0.11401E+01    0.11386E+01
 259    0.70743E+00    0.70891E+00    0.11371E+01    0.11355E+01
 260    0.71039E+00    0.71187E+00    0.11340E+01    0.11325E+01
 261    0.71334E+00    0.71481E+00    0.11309E+01    0.11294E+01
 262    0.71628E+00    0.71775E+00    0.11278E+01    0.11262E+01
 263    0.71921E+00    0.72068E+00    0.11247E+01    0.11231E+01
 264    0.72214E+00    0.72360E+00    0.11215E+01    0.11199E+01
 265    0.72506E+00    0.72651E+00    0.11183E+01    0.11167E+01
 266    0.72796E+00    0.72941E+00    0.11150E+01    0.11134E+01
 267    0.73086E+00    0.73231E+00    0.11118E+01    0.11101E+01
 268    0.73375E+00    0.73519E+00    0.11084E+01    0.11068E+01
 269    0.73664E+00    0.73807E+00    0.11051E+01    0.11034E+01
 270    0.73951E+00    0.74094E+00    0.11017E+01    0.11000E+01
 271    0.74237E+00    0.74380E+00    0.10983E+01    0.10966E+01
 272    0.74523E+00    0.74665E+00    0.10949E+01    0.10932E+01
 273    0.74808E+00    0.74950E+00    0.10914E+01    0.10897E+01
 274    0.75091E+00    0.75233E+00    0.10880E+01    0.10862E+01
 275    0.75374E+00    0.75515E+00    0.10844E+01    0.10827E+01
 276    0.75656E+00    0.75797E+00    0.10809E+01    0.10791E+01
 277    0.75937E+00    0.76077E+00    0.10773E+01    0.10755E+01
 278    0.76217E+00    0.76357E+00    0.10737E+01    0.10719E+01
 279    0.76496E+00    0.76636E+00    0.10701E+01    0.10683E+01
 280    0.76775E+00    0.76913E+00    0.10664E+01    0.10646E+01
 281    0.77052E+00    0.77190E+00    0.10628E+01    0.10609E+01
 282    0.77328E+00    0.77466E+00    0.10591E+01    0.10572E+01
 283    0.77604E+00    0.77741E+00    0.10553E+01    0.10535E+01
 284    0.77878E+00    0.78015E+00    0.10516E+01    0.10497E+01
 285    0.78151E+00    0.78287E+00    0.10478E+01    0.10459E+01
 286    0.78424E+00    0.78559E+00    0.10440E+01    0.10421E+01
 287    0.78695E+00    0.78830E+00    0.10402E+01    0.10383E+01
 288    0.78965E+00    0.79100E+00    0.10364E+01    0.10344E+01
 289    0.79235E+00    0.79369E+00    0.10325E+01    0.10306E+01
 290    0.79503E+00    0.79637E+00    0.10286E+01    0.10267E+01
 291    0.79770E+00    0.79904E+00    0.10247E+01    0.10228E+01
 292    0.80037E+00    0.80169E+00    0.10208E+01    0.10188E+01
 293    0.80302E+00    0.80434E+00    0.10168E+01    0.10149E+01
 294    0.80566E+00    0.80698E+00    0.10129E+01    0.10109E+01
 295    0.80830E+00    0.80961E+00    0.10089E+01    0.10069E+01
 296    0.81092E+00    0.81222E+00    0.10049E+01    0.10029E+01
 297    0.81353E+00    0.81483E+00    0.10009E+01    0.99887E+00
 298    0.81613E+00    0.81743E+00    0.99684E+00    0.99482E+00
 299    0.81872E+00    0.82001E+00    0.99279E+00    0.99076E+00
 300    0.82130E+00    0.82259E+00    0.98872E+00    0.98669E+00
 301    0.82387E+00    0.82515E+00    0.98464E+00    0.98259E+00
 302    0.82643E+00    0.82771E+00    0.98054E+00    0.97849E+00
 303    0.82898E+00    0.83025E+00    0.97643E+00    0.97436E+00
 304    0.83152E+00    0.83278E+00    0.97230E+00    0.97023E+00
 305    0.83404E+00    0.83530E+00    0.96815E+00    0.96608E+00
 306    0.83656E+00    0.83781E+00    0.96400E+00    0.96192E+00
 307    0.83906E+00    0.84031E+00    0.95983E+00    0.95774E+00
 308    0.84156E+00    0.84280E+00    0.95565E+00    0.95355E+00
 309    0.84404E+00    0.84528E+00    0.95145E+00    0.94935E+00
 310    0.84651E+00    0.84774E+00    0.94725E+00    0.94514E+00
 311    0.84897E+00    0.85020E+00    0.94303E+00    0.94092E+00
 312    0.85143E+00    0.85264E+00    0.93880E+00    0.93668E+00
 313    0.85386E+00    0.85508E+00    0.93456E+00    0.93244E+00
 314    0.85629E+00    0.85750E+00    0.93031E+00    0.92819E+00
 315    0.85871E+00    0.85991E+00    0.92606E+00    0.92392E+00
 316    0.86112E+00    0.86231E+00    0.92179E+00    0.91965E+00
 317    0.86351E+00    0.86470E+00    0.91751E+00    0.91537E+00
 318    0.86589E+00    0.86708E+00    0.91323E+00    0.91109E+00
 319    0.86827E+00    0.86945E+00    0.90894E+00    0.90679E+00
 320    0.87063E+00    0.87180E+00    0.90464E+00    0.90249E+00
 321    0.87298E+00    0.87415E+00    0.90033E+00    0.89818E+00
 322    0.87532E+00    0.87648E+00    0.89602E+00    0.89386E+00
 323    0.87765E+00    0.87880E+00    0.89170E+00    0.88954E+00
 324    0.87996E+00    0.88111E+00    0.88738E+00    0.88522E+00
 325    0.88227E+00    0.88341E+00    0.88305E+00    0.88089E+00
 326    0.88456E+00    0.88570E+00    0.87872E+00    0.87655E+00
 327    0.88684E+00    0.88798E+00    0.87438E+00    0.87221E+00
 328    0.88912E+00    0.89025E+00    0.87004E+00    0.86787E+00
 329    0.89138E+00    0.89250E+00    0.86569E+00    0.86352E+00
 330    0.89362E+00    0.89474E+00    0.86134E+00    0.85917E+00
 331    0.89586E+00    0.89697E+00    0.85699E+00    0.85481E+00
 332    0.89809E+00    0.89920E+00    0.85264E+00    0.85046E+00
 333    0.90030E+00    0.90140E+00    0.84828E+00    0.84610E+00
 334    0.90251E+00    0.90360E+00    0.84392E+00    0.84174E+00
 335    0.90470E+00    0.90579E+00    0.83956E+00    0.83738E+00
 336    0.90688E+00    0.90796E+00    0.83520E+00    0.83302E+00
 337    0.90905E+00    0.91013E+00    0.83084E+00    0.82866E+00
 338    0.91121E+00    0.91228E+00    0.82648E+00    0.82430E+00
 339    0.91335E+00    0.91442E+00    0.82212E+00    0.81994E+00
 340    0.91549E+00    0.91655E+00    0.81776E+00    0.81558E+00
 341    0.91761E+00    0.91867E+00    0.81340E+00    0.81122E+00
 342    0.91972E+00    0.92077E+00    0.80904E+00    0.80686E+00
 343    0.92183E+00    0.92287E+00    0.80469E+00    0.80251E+00
 344    0.92392E+00    0.92495E+00    0.80033E+00    0.79816E+00
 345    0.92599E+00    0.92703E+00    0.79598E+00    0.79381E+00
 346    0.92806E+00    0.92909E+00    0.79163E+00    0.78946E+00
 347    0.93012E+00    0.93114E+00    0.78728E+00    0.78511E+00
 348    0.93216E+00    0.93318E+00    0.78294E+00    0.78077E+00
 349    0.93419E+00    0.93521E+00    0.77860E+00    0.77643E+00
 350    0.93622E+00    0.93722E+00    0.77427E+00    0.77210E+00
 351    0.93823E+00    0.93923E+00    0.76993E+00    0.76777E+00
 352    0.94023E+00    0.94122E+00    0.76561E+00    0.76344E+00
 353    0.94222E+00    0.94320E+00    0.76128E+00    0.75912E+00
 354    0.94419E+00    0.94517E+00    0.75697E+00    0.75481E+00
 355    0.94616E+00    0.94713E+00    0.75266E+00    0.75050E+00
 356    0.94811E+00    0.94908E+00    0.74835E+00    0.74620E+00
 357    0.95006E+00    0.95102E+00    0.74405E+00    0.74190E+00
 358    0.95199E+00    0.95295E+00    0.73976E+00    0.73761E+00
 359    0.95391E+00    0.95486E+00    0.73547E+00    0.73333E+00
 360    0.95582E+00    0.95677E+00    0.73119E+00    0.72905E+00
 361    0.95772E+00    0.95866E+00    0.72692E+00    0.72478E+00
 362    0.95960E+00    0.96054E+00    0.72265E+00    0.72052E+00
 363    0.96148E+00    0.96241E+00    0.71839E+00    0.71627E+00
 364    0.96335E+00    0.96427E+00    0.71414E+00    0.71202E+00
 365    0.96520E+00    0.96612E+00    0.70990E+00    0.70778E+00
 366    0.96704E+00    0.96796E+00    0.70567E+00    0.70355E+00
 367    0.96888E+00    0.96979E+00    0.70144E+00    0.69933E+00
 368    0.97070E+00    0.97160E+00    0.69723E+00    0.69512E+00
 369    0.97251E+00    0.97341E+00    0.69302E+00    0.69092E+00
 370    0.97431E+00    0.97520E+00    0.68882E+00    0.68673E+00
 371    0.97609E+00    0.97698E+00    0.68464E+00    0.68255E+00
 372    0.97787E+00    0.97875E+00    0.68046E+00    0.67837E+00
 373    0.97964E+00    0.98052E+00    0.67629E+00    0.67421E+00
 374    0.98139E+00    0.98227E+00    0.67214E+00    0.67006E+00
 375    0.98314E+00    0.98401E+00    0.66799E+00    0.66592E+00
 376    0.98487E+00    0.98573E+00    0.66385E+00    0.66179E+00
 377    0.98660E+00    0.98745E+00    0.65973E+00    0.65767E+00
 378    0.98831E+00    0.98916E+00    0.65561E+00    0.65356E+00
 379    0.99001E+00    0.99086E+00    0.65151E+00    0.64946E+00
 380    0.99170E+00    0.99254E+00    0.64742E+00    0.64538E+00
 381    0.99338E+00    0.99422E+00    0.64334E+00    0.64131E+00
 382    0.99505E+00    0.99588E+00    0.63928E+00    0.63725E+00
 383    0.99671E+00    0.99754E+00    0.63522E+00    0.63320E+00
 384    0.99836E+00    0.99918E+00    0.63118E+00    0.62916E+00
 385    0.10000E+01    0.00000E+00    0.62916E+00    0.00000E+00
