   1    0.00000E+00    0.16942E-02    0.52521E+00    0.52521E+00
   2    0.33884E-02    0.50825E-02    0.52519E+00    0.52516E+00
   3    0.67766E-02    0.84704E-02    0.52512E+00    0.52508E+00
   4    0.10164E-01    0.11858E-01    0.52501E+00    0.52494E+00
   5    0.13551E-01    0.15244E-01    0.52486E+00    0.52477E+00
   6    0.16937E-01    0.18629E-01    0.52466E+00    0.52455E+00
   7    0.20321E-01    0.22012E-01    0.52442E+00    0.52429E+00
   8    0.23703E-01    0.25394E-01    0.52414E+00    0.52398E+00
   9    0.27084E-01    0.28773E-01    0.52381E+00    0.52364E+00
  10    0.30462E-01    0.32150E-01    0.52344E+00    0.52324E+00
  11    0.33838E-01    0.35524E-01    0.52303E+00    0.52281E+00
  12    0.37211E-01    0.38896E-01    0.52257E+00    0.52233E+00
  13    0.40581E-01    0.42264E-01    0.52207E+00    0.52181E+00
  14    0.43947E-01    0.45629E-01    0.52153E+00    0.52125E+00
  15    0.47310E-01    0.48990E-01    0.52095E+00    0.52064E+00
  16    0.50669E-01    0.52347E-01    0.52032E+00    0.52000E+00
  17    0.54024E-01    0.55699E-01    0.51965E+00    0.51931E+00
  18    0.57374E-01    0.59047E-01    0.51894E+00    0.51857E+00
  19    0.60720E-01    0.62390E-01    0.51819E+00    0.51780E+00
  20    0.64061E-01    0.65728E-01    0.51739E+00    0.51699E+00
  21    0.67396E-01    0.69061E-01    0.51656E+00    0.51613E+00
  22    0.70726E-01    0.72388E-01    0.51568E+00    0.51524E+00
  23    0.74050E-01    0.75709E-01    0.51477E+00    0.51430E+00
  24    0.77368E-01    0.79024E-01    0.51381E+00    0.51332E+00
  25    0.80680E-01    0.82332E-01    0.51281E+00    0.51231E+00
  26    0.83985E-01    0.85634E-01    0.51178E+00    0.51125E+00
  27    0.87283E-01    0.88929E-01    0.51070E+00    0.51015E+00
  28    0.90575E-01    0.92217E-01    0.50959E+00    0.50902E+00
  29    0.93859E-01    0.95497E-01    0.50843E+00    0.50785E+00
  30    0.97135E-01    0.98769E-01    0.50724E+00    0.50664E+00
  31    0.10040E+00    0.10203E+00    0.50601E+00    0.50539E+00
  32    0.10366E+00    0.10529E+00    0.50475E+00    0.50410E+00
  33    0.10692E+00    0.10854E+00    0.50344E+00    0.50278E+00
  34    0.11016E+00    0.11178E+00    0.50210E+00    0.50142E+00
  35    0.11340E+00    0.11501E+00    0.50073E+00    0.50003E+00
  36    0.11662E+00    0.11823E+00    0.49931E+00    0.49860E+00
  37    0.11984E+00    0.12144E+00    0.49787E+00    0.49713E+00
  38    0.12305E+00    0.12464E+00    0.49638E+00    0.49563E+00
  39    0.12624E+00    0.12784E+00    0.49486E+00    0.49410E+00
  40    0.12943E+00    0.13102E+00    0.49331E+00    0.49253E+00
  41    0.13261E+00    0.13419E+00    0.49173E+00    0.49093E+00
  42    0.13578E+00    0.13735E+00    0.49011E+00    0.48929E+00
  43    0.13893E+00    0.14051E+00    0.48846E+00    0.48762E+00
  44    0.14208E+00    0.14365E+00    0.48677E+00    0.48593E+00
  45    0.14521E+00    0.14678E+00    0.48506E+00    0.48419E+00
  46    0.14834E+00    0.14989E+00    0.48331E+00    0.48243E+00
  47    0.15145E+00    0.15300E+00    0.48154E+00    0.48064E+00
  48    0.15455E+00    0.15610E+00    0.47973E+00    0.47882E+00
  49    0.15764E+00    0.15918E+00    0.47789E+00    0.47697E+00
  50    0.16072E+00    0.16225E+00    0.47603E+00    0.47509E+00
  51    0.16378E+00    0.16531E+00    0.47414E+00    0.47318E+00
  52    0.16683E+00    0.16835E+00    0.47221E+00    0.47125E+00
  53    0.16988E+00    0.17139E+00    0.47027E+00    0.46928E+00
  54    0.17290E+00    0.17441E+00    0.46829E+00    0.46729E+00
  55    0.17592E+00    0.17742E+00    0.46629E+00    0.46528E+00
  56    0.17892E+00    0.18041E+00    0.46426E+00    0.46324E+00
  57    0.18191E+00    0.18340E+00    0.46221E+00    0.46117E+00
  58    0.18488E+00    0.18636E+00    0.46013E+00    0.45908E+00
  59    0.18785E+00    0.18932E+00    0.45803E+00    0.45697E+00
  60    0.19079E+00    0.19226E+00    0.45590E+00    0.45483E+00
  61    0.19373E+00    0.19519E+00    0.45375E+00    0.45267E+00
  62    0.19665E+00    0.19810E+00    0.45158E+00    0.45049E+00
  63    0.19955E+00    0.20100E+00    0.44939E+00    0.44829E+00
  64    0.20245E+00    0.20389E+00    0.44718E+00    0.44606E+00
  65    0.20532E+00    0.20676E+00    0.44494E+00    0.44382E+00
  66    0.20819E+00    0.20961E+00    0.44269E+00    0.44156E+00
  67    0.21104E+00    0.21245E+00    0.44041E+00    0.43927E+00
  68    0.21387E+00    0.21528E+00    0.43812E+00    0.43697E+00
  69    0.21669E+00    0.21809E+00    0.43581E+00    0.43465E+00
  70    0.21949E+00    0.22089E+00    0.43348E+00    0.43231E+00
  71    0.22228E+00    0.22367E+00    0.43114E+00    0.42996E+00
  72    0.22506E+00    0.22644E+00    0.42877E+00    0.42759E+00
  73    0.22782E+00    0.22919E+00    0.42639E+00    0.42520E+00
  74    0.23056E+00    0.23192E+00    0.42400E+00    0.42280E+00
  75    0.23329E+00    0.23464E+00    0.42159E+00    0.42038E+00
  76    0.23600E+00    0.23735E+00    0.41917E+00    0.41795E+00
  77    0.23870E+00    0.24004E+00    0.41673E+00    0.41551E+00
  78    0.24138E+00    0.24271E+00    0.41428E+00    0.41305E+00
  79    0.24404E+00    0.24537E+00    0.41182E+00    0.41058E+00
  80    0.24669E+00    0.24801E+00    0.40934E+00    0.40810E+00
  81    0.24932E+00    0.25063E+00    0.40686E+00    0.40561E+00
  82    0.25194E+00    0.25324E+00    0.40436E+00    0.40311E+00
  83    0.25454E+00    0.25583E+00    0.40185E+00    0.40060E+00
  84    0.25712E+00    0.25841E+00    0.39933E+00    0.39807E+00
  85    0.25969E+00    0.26097E+00    0.39681E+00    0.39554E+00
  86    0.26224E+00    0.26351E+00    0.39427E+00    0.39300E+00
  87    0.26478E+00    0.26604E+00    0.39173E+00    0.39045E+00
  88    0.26730E+00    0.26855E+00    0.38918E+00    0.38790E+00
  89    0.26980E+00    0.27105E+00    0.38662E+00    0.38533E+00
  90    0.27229E+00    0.27352E+00    0.38405E+00    0.38277E+00
  91    0.27476E+00    0.27598E+00    0.38148E+00    0.38019E+00
  92    0.27721E+00    0.27843E+00    0.37890E+00    0.37761E+00
  93    0.27965E+00    0.28086E+00    0.37632E+00    0.37502E+00
  94    0.28207E+00    0.28327E+00    0.37373E+00    0.37244E+00
  95    0.28447E+00    0.28566E+00    0.37114E+00    0.36984E+00
  96    0.28685E+00    0.28804E+00    0.36854E+00    0.36724E+00
  97    0.28922E+00    0.29040E+00    0.36594E+00    0.36464E+00
  98    0.29158E+00    0.29274E+00    0.36334E+00    0.36204E+00
  99    0.29391E+00    0.29507E+00    0.36074E+00    0.35944E+00
 100    0.29623E+00    0.29738E+00    0.35813E+00    0.35683E+00
 101    0.29853E+00    0.29968E+00    0.35553E+00    0.35422E+00
 102    0.30082E+00    0.30195E+00    0.35292E+00    0.35161E+00
 103    0.30309E+00    0.30421E+00    0.35031E+00    0.34901E+00
 104    0.30534E+00    0.30646E+00    0.34770E+00    0.34640E+00
 105    0.30757E+00    0.30868E+00    0.34509E+00    0.34379E+00
 106    0.30979E+00    0.31089E+00    0.34249E+00    0.34118E+00
 107    0.31199E+00    0.31309E+00    0.33988E+00    0.33858E+00
 108    0.31418E+00    0.31526E+00    0.33728E+00    0.33598E+00
 109    0.31635E+00    0.31742E+00    0.33467E+00    0.33337E+00
 110    0.31850E+00    0.31956E+00    0.33207E+00    0.33078E+00
 111    0.32063E+00    0.32169E+00    0.32948E+00    0.32818E+00
 112    0.32275E+00    0.32380E+00    0.32688E+00    0.32559E+00
 113    0.32485E+00    0.32589E+00    0.32429E+00    0.32300E+00
 114    0.32693E+00    0.32797E+00    0.32171E+00    0.32042E+00
 115    0.32900E+00    0.33002E+00    0.31913E+00    0.31784E+00
 116    0.33105E+00    0.33207E+00    0.31655E+00    0.31526E+00
 117    0.33308E+00    0.33409E+00    0.31398E+00    0.31269E+00
 118    0.33510E+00    0.33610E+00    0.31141E+00    0.31013E+00
 119    0.33710E+00    0.33809E+00    0.30885E+00    0.30757E+00
 120    0.33909E+00    0.34007E+00    0.30630E+00    0.30502E+00
 121    0.34105E+00    0.34203E+00    0.30375E+00    0.30248E+00
 122    0.34301E+00    0.34397E+00    0.30121E+00    0.29994E+00
 123    0.34494E+00    0.34590E+00    0.29867E+00    0.29741E+00
 124    0.34686E+00    0.34781E+00    0.29614E+00    0.29488E+00
 125    0.34876E+00    0.34970E+00    0.29362E+00    0.29237E+00
 126    0.35065E+00    0.35158E+00    0.29111E+00    0.28986E+00
 127    0.35252E+00    0.35344E+00    0.28861E+00    0.28736E+00
 128    0.35437E+00    0.35529E+00    0.28611E+00    0.28487E+00
 129    0.35621E+00    0.35712E+00    0.28363E+00    0.28239E+00
 130    0.35803E+00    0.35893E+00    0.28115E+00    0.27991E+00
 131    0.35984E+00    0.36073E+00    0.27868E+00    0.27745E+00
 132    0.36163E+00    0.36251E+00    0.27622E+00    0.27500E+00
 133    0.36340E+00    0.36428E+00    0.27377E+00    0.27255E+00
 134    0.36516E+00    0.36603E+00    0.27133E+00    0.27012E+00
 135    0.36690E+00    0.36777E+00    0.26891E+00    0.26769E+00
 136    0.36863E+00    0.36949E+00    0.26649E+00    0.26528E+00
 137    0.37034E+00    0.37119E+00    0.26408E+00    0.26288E+00
 138    0.37204E+00    0.37288E+00    0.26168E+00    0.26049E+00
 139    0.37372E+00    0.37455E+00    0.25930E+00    0.25811E+00
 140    0.37538E+00    0.37621E+00    0.25692E+00    0.25574E+00
 141    0.37703E+00    0.37785E+00    0.25456E+00    0.25338E+00
 142    0.37867E+00    0.37948E+00    0.25221E+00    0.25103E+00
 143    0.38029E+00    0.38109E+00    0.24986E+00    0.24870E+00
 144    0.38189E+00    0.38269E+00    0.24754E+00    0.24638E+00
 145    0.38348E+00    0.38427E+00    0.24522E+00    0.24407E+00
 146    0.38506E+00    0.38584E+00    0.24292E+00    0.24177E+00
 147    0.38662E+00    0.38739E+00    0.24062E+00    0.23948E+00
 148    0.38816E+00    0.38893E+00    0.23835E+00    0.23721E+00
 149    0.38969E+00    0.39045E+00    0.23608E+00    0.23495E+00
 150    0.39121E+00    0.39196E+00    0.23382E+00    0.23270E+00
 151    0.39271E+00    0.39345E+00    0.23158E+00    0.23047E+00
 152    0.39419E+00    0.39493E+00    0.22936E+00    0.22825E+00
 153    0.39567E+00    0.39640E+00    0.22714E+00    0.22604E+00
 154    0.39713E+00    0.39785E+00    0.22494E+00    0.22384E+00
 155    0.39857E+00    0.39928E+00    0.22275E+00    0.22166E+00
 156    0.40000E+00    0.00000E+00    0.22166E+00    0.00000E+00
